<?xml version="1.0" encoding="UTF-8"?>
<!-- Generated by org.testng.reporters.JUnitReportReporter -->
<testsuite hostname="DESKTOP-R4AJ65A" failures="0" tests="3" name="com.OrangeHRM.TestCases.OrgangeHRM" time="4.670" errors="1" timestamp="15 Mar 2025 03:21:11 GMT" skipped="2">
  <testcase classname="com.OrangeHRM.TestCases.OrgangeHRM" name="LaunchApp" time="4.670">
    <error message="session not created: This version of ChromeDriver only supports Chrome version 127
Current browser version is 134.0.6998.89 with binary path C:\Program Files\Google\Chrome\Application\chrome.exe
Build info: version: &#039;3.141.59&#039;, revision: &#039;e82be7d358&#039;, time: &#039;2018-11-14T08:17:03&#039;
System info: host: &#039;DESKTOP-R4AJ65A&#039;, ip: &#039;192.168.43.16&#039;, os.name: &#039;Windows 10&#039;, os.arch: &#039;amd64&#039;, os.version: &#039;10.0&#039;, java.version: &#039;15.0.1&#039;
Driver info: driver.version: ChromeDriver
remote stacktrace: 	GetHandleVerifier [0x00007FF739B09642+30946]
	(No symbol) [0x00007FF739ABE3D9]
	(No symbol) [0x00007FF7399B6FDA]
	(No symbol) [0x00007FF7399F7341]
	(No symbol) [0x00007FF7399F6598]
	(No symbol) [0x00007FF7399F148D]
	(No symbol) [0x00007FF7399EC4FA]
	(No symbol) [0x00007FF739A378B9]
	(No symbol) [0x00007FF739A36F20]
	(No symbol) [0x00007FF739A2C813]
	(No symbol) [0x00007FF7399FA6E5]
	(No symbol) [0x00007FF7399FB021]
	GetHandleVerifier [0x00007FF739C3F84D+1301229]
	GetHandleVerifier [0x00007FF739C4BDC7+1351783]
	GetHandleVerifier [0x00007FF739C42A13+1313971]
	GetHandleVerifier [0x00007FF739B3DD16+245686]
	(No symbol) [0x00007FF739AC759F]
	(No symbol) [0x00007FF739AC3814]
	(No symbol) [0x00007FF739AC39A2]
	(No symbol) [0x00007FF739ABA3FF]
	BaseThreadInitThunk [0x00007FFD91467374+20]
	RtlUserThreadStart [0x00007FFD919FCC91+33]
" type="org.openqa.selenium.SessionNotCreatedException">
      <![CDATA[org.openqa.selenium.SessionNotCreatedException: session not created: This version of ChromeDriver only supports Chrome version 127
Current browser version is 134.0.6998.89 with binary path C:\Program Files\Google\Chrome\Application\chrome.exe
Build info: version: '3.141.59', revision: 'e82be7d358', time: '2018-11-14T08:17:03'
System info: host: 'DESKTOP-R4AJ65A', ip: '192.168.43.16', os.name: 'Windows 10', os.arch: 'amd64', os.version: '10.0', java.version: '15.0.1'
Driver info: driver.version: ChromeDriver
remote stacktrace: GetHandleVerifier [0x00007FF739B09642+30946]
(No symbol) [0x00007FF739ABE3D9]
(No symbol) [0x00007FF7399B6FDA]
(No symbol) [0x00007FF7399F7341]
(No symbol) [0x00007FF7399F6598]
(No symbol) [0x00007FF7399F148D]
(No symbol) [0x00007FF7399EC4FA]
(No symbol) [0x00007FF739A378B9]
(No symbol) [0x00007FF739A36F20]
(No symbol) [0x00007FF739A2C813]
(No symbol) [0x00007FF7399FA6E5]
(No symbol) [0x00007FF7399FB021]
GetHandleVerifier [0x00007FF739C3F84D+1301229]
GetHandleVerifier [0x00007FF739C4BDC7+1351783]
GetHandleVerifier [0x00007FF739C42A13+1313971]
GetHandleVerifier [0x00007FF739B3DD16+245686]
(No symbol) [0x00007FF739AC759F]
(No symbol) [0x00007FF739AC3814]
(No symbol) [0x00007FF739AC39A2]
(No symbol) [0x00007FF739ABA3FF]
BaseThreadInitThunk [0x00007FFD91467374+20]
RtlUserThreadStart [0x00007FFD919FCC91+33]

at java.base/jdk.internal.reflect.NativeConstructorAccessorImpl.newInstance0(Native Method)
at java.base/jdk.internal.reflect.NativeConstructorAccessorImpl.newInstance(NativeConstructorAccessorImpl.java:64)
at java.base/jdk.internal.reflect.DelegatingConstructorAccessorImpl.newInstance(DelegatingConstructorAccessorImpl.java:45)
at java.base/java.lang.reflect.Constructor.newInstanceWithCaller(Constructor.java:500)
at java.base/java.lang.reflect.Constructor.newInstance(Constructor.java:481)
at org.openqa.selenium.remote.W3CHandshakeResponse.lambda$errorHandler$0(W3CHandshakeResponse.java:62)
at org.openqa.selenium.remote.HandshakeResponse.lambda$getResponseFunction$0(HandshakeResponse.java:30)
at org.openqa.selenium.remote.ProtocolHandshake.lambda$createSession$0(ProtocolHandshake.java:126)
at java.base/java.util.stream.ReferencePipeline$3$1.accept(ReferencePipeline.java:195)
at java.base/java.util.Spliterators$ArraySpliterator.tryAdvance(Spliterators.java:958)
at java.base/java.util.stream.ReferencePipeline.forEachWithCancel(ReferencePipeline.java:127)
at java.base/java.util.stream.AbstractPipeline.copyIntoWithCancel(AbstractPipeline.java:502)
at java.base/java.util.stream.AbstractPipeline.copyInto(AbstractPipeline.java:488)
at java.base/java.util.stream.AbstractPipeline.wrapAndCopyInto(AbstractPipeline.java:474)
at java.base/java.util.stream.FindOps$FindOp.evaluateSequential(FindOps.java:150)
at java.base/java.util.stream.AbstractPipeline.evaluate(AbstractPipeline.java:234)
at java.base/java.util.stream.ReferencePipeline.findFirst(ReferencePipeline.java:543)
at org.openqa.selenium.remote.ProtocolHandshake.createSession(ProtocolHandshake.java:128)
at org.openqa.selenium.remote.ProtocolHandshake.createSession(ProtocolHandshake.java:74)
at org.openqa.selenium.remote.HttpCommandExecutor.execute(HttpCommandExecutor.java:136)
at org.openqa.selenium.remote.service.DriverCommandExecutor.execute(DriverCommandExecutor.java:83)
at org.openqa.selenium.remote.RemoteWebDriver.execute(RemoteWebDriver.java:552)
at org.openqa.selenium.remote.RemoteWebDriver.startSession(RemoteWebDriver.java:213)
at org.openqa.selenium.remote.RemoteWebDriver.<init>(RemoteWebDriver.java:131)
at org.openqa.selenium.chrome.ChromeDriver.<init>(ChromeDriver.java:181)
at org.openqa.selenium.chrome.ChromeDriver.<init>(ChromeDriver.java:168)
at org.openqa.selenium.chrome.ChromeDriver.<init>(ChromeDriver.java:123)
at com.OrangeHRM.CommonMethods.BaseClass.LaunchApp(BaseClass.java:24)
at java.base/jdk.internal.reflect.NativeMethodAccessorImpl.invoke0(Native Method)
at java.base/jdk.internal.reflect.NativeMethodAccessorImpl.invoke(NativeMethodAccessorImpl.java:64)
at java.base/jdk.internal.reflect.DelegatingMethodAccessorImpl.invoke(DelegatingMethodAccessorImpl.java:43)
at java.base/java.lang.reflect.Method.invoke(Method.java:564)
at org.testng.internal.MethodInvocationHelper.invokeMethod(MethodInvocationHelper.java:124)
at org.testng.internal.MethodInvocationHelper.invokeMethodConsideringTimeout(MethodInvocationHelper.java:59)
at org.testng.internal.Invoker.invokeConfigurationMethod(Invoker.java:458)
at org.testng.internal.Invoker.invokeConfigurations(Invoker.java:222)
at org.testng.internal.Invoker.invokeMethod(Invoker.java:523)
at org.testng.internal.Invoker.invokeTestMethod(Invoker.java:719)
at org.testng.internal.Invoker.invokeTestMethods(Invoker.java:989)
at org.testng.internal.TestMethodWorker.invokeTestMethods(TestMethodWorker.java:125)
at org.testng.internal.TestMethodWorker.run(TestMethodWorker.java:109)
at org.testng.TestRunner.privateRun(TestRunner.java:648)
at org.testng.TestRunner.run(TestRunner.java:505)
at org.testng.SuiteRunner.runTest(SuiteRunner.java:455)
at org.testng.SuiteRunner.runSequentially(SuiteRunner.java:450)
at org.testng.SuiteRunner.privateRun(SuiteRunner.java:415)
at org.testng.SuiteRunner.run(SuiteRunner.java:364)
at org.testng.SuiteRunnerWorker.runSuite(SuiteRunnerWorker.java:52)
at org.testng.SuiteRunnerWorker.run(SuiteRunnerWorker.java:84)
at org.testng.TestNG.runSuitesSequentially(TestNG.java:1208)
at org.testng.TestNG.runSuitesLocally(TestNG.java:1137)
at org.testng.TestNG.runSuites(TestNG.java:1049)
at org.testng.TestNG.run(TestNG.java:1017)
at org.testng.remote.AbstractRemoteTestNG.run(AbstractRemoteTestNG.java:115)
at org.testng.remote.RemoteTestNG.initAndRun(RemoteTestNG.java:251)
at org.testng.remote.RemoteTestNG.main(RemoteTestNG.java:77)
]]>
    </error>
  </testcase> <!-- LaunchApp -->
  <testcase classname="com.OrangeHRM.TestCases.OrgangeHRM" name="loginHRM" time="0.000">
    <skipped/>
  </testcase> <!-- loginHRM -->
  <testcase classname="com.OrangeHRM.TestCases.OrgangeHRM" name="loginHRM" time="0.000">
    <skipped/>
  </testcase> <!-- loginHRM -->
</testsuite> <!-- com.OrangeHRM.TestCases.OrgangeHRM -->
